2024-07-25 16:36:14.511 INFO [main] [com.fsuite.BgvApi.starter.BgvApiApplication.main(BgvApiApplication.java:22)] - Application is starting
2024-07-25 16:36:14.684 INFO [restartedMain] [com.fsuite.BgvApi.starter.BgvApiApplication.main(BgvApiApplication.java:22)] - Application is starting
2024-07-25 16:36:15.169 INFO [restartedMain] [org.springframework.boot.StartupInfoLogger.logStarting(StartupInfoLogger.java:51)] - Starting BgvApiApplication using Java 17.0.9 with PID 21128 (E:\Sunil\MyProjects\MyWorkSpace\BgvApi\target\classes started by suniln in E:\Sunil\MyProjects\MyWorkSpace\BgvApi)
2024-07-25 16:36:15.175 INFO [restartedMain] [org.springframework.boot.SpringApplication.logStartupProfileInfo(SpringApplication.java:638)] - No active profile set, falling back to 1 default profile: "default"
2024-07-25 16:36:15.247 INFO [restartedMain] [org.springframework.boot.logging.DeferredLog.logTo(DeferredLog.java:250)] - Devtools property defaults active! Set 'spring.devtools.add-properties' to 'false' to disable
2024-07-25 16:36:15.248 INFO [restartedMain] [org.springframework.boot.logging.DeferredLog.logTo(DeferredLog.java:250)] - For additional web related logging consider setting the 'logging.level.web' property to 'DEBUG'
2024-07-25 16:36:16.297 INFO [restartedMain] [org.springframework.data.repository.config.RepositoryConfigurationDelegate.registerRepositoriesIn(RepositoryConfigurationDelegate.java:138)] - Bootstrapping Spring Data JPA repositories in DEFAULT mode.
2024-07-25 16:36:16.328 INFO [restartedMain] [org.springframework.data.repository.config.RepositoryConfigurationDelegate.registerRepositoriesIn(RepositoryConfigurationDelegate.java:208)] - Finished Spring Data repository scanning in 18 ms. Found 0 JPA repository interfaces.
2024-07-25 16:36:17.215 INFO [restartedMain] [org.springframework.boot.web.embedded.tomcat.TomcatWebServer.initialize(TomcatWebServer.java:108)] - Tomcat initialized with port(s): 8080 (http)
2024-07-25 16:36:17.230 INFO [restartedMain] [org.apache.juli.logging.DirectJDKLog.log(DirectJDKLog.java:173)] - Initializing ProtocolHandler ["http-nio-8080"]
2024-07-25 16:36:17.235 INFO [restartedMain] [org.apache.juli.logging.DirectJDKLog.log(DirectJDKLog.java:173)] - Starting service [Tomcat]
2024-07-25 16:36:17.235 INFO [restartedMain] [org.apache.juli.logging.DirectJDKLog.log(DirectJDKLog.java:173)] - Starting Servlet engine: [Apache Tomcat/10.1.15]
2024-07-25 16:36:17.331 INFO [restartedMain] [org.apache.juli.logging.DirectJDKLog.log(DirectJDKLog.java:173)] - Initializing Spring embedded WebApplicationContext
2024-07-25 16:36:17.333 INFO [restartedMain] [org.springframework.boot.web.servlet.context.ServletWebServerApplicationContext.prepareWebApplicationContext(ServletWebServerApplicationContext.java:291)] - Root WebApplicationContext: initialization completed in 2082 ms
2024-07-25 16:36:17.432 INFO [MLog-Init-Reporter] [com.mchange.v2.log.slf4j.Slf4jMLog$Slf4jMLogger$InfoLogger.log(Slf4jMLog.java:212)] - MLog clients using slf4j logging.
2024-07-25 16:36:17.468 INFO [restartedMain] [com.mchange.v2.log.slf4j.Slf4jMLog$Slf4jMLogger$InfoLogger.log(Slf4jMLog.java:212)] - Initializing c3p0-0.9.5.5 [built 11-December-2019 22:18:33 -0800; debug? true; trace: 10]
2024-07-25 16:36:17.640 INFO [restartedMain] [org.hibernate.jpa.internal.util.LogHelper.logPersistenceUnitInformation(LogHelper.java:31)] - HHH000204: Processing PersistenceUnitInfo [name: interBgvEntityManager]
2024-07-25 16:36:17.739 INFO [restartedMain] [org.hibernate.Version.logVersion(Version.java:44)] - HHH000412: Hibernate ORM core version 6.2.13.Final
2024-07-25 16:36:17.745 INFO [restartedMain] [org.hibernate.cfg.Environment.<clinit>(Environment.java:191)] - HHH000406: Using bytecode reflection optimizer
2024-07-25 16:36:18.205 INFO [restartedMain] [org.springframework.orm.jpa.persistenceunit.SpringPersistenceUnitInfo.addTransformer(SpringPersistenceUnitInfo.java:87)] - No LoadTimeWeaver setup: ignoring JPA class transformer
2024-07-25 16:36:18.261 INFO [restartedMain] [com.mchange.v2.log.slf4j.Slf4jMLog$Slf4jMLogger$InfoLogger.log(Slf4jMLog.java:212)] - Initializing c3p0 pool... com.mchange.v2.c3p0.ComboPooledDataSource [ acquireIncrement -> 3, acquireRetryAttempts -> 10, acquireRetryDelay -> 1000, autoCommitOnClose -> false, automaticTestTable -> null, breakAfterAcquireFailure -> false, checkoutTimeout -> 0, connectionCustomizerClassName -> null, connectionTesterClassName -> com.mchange.v2.c3p0.impl.DefaultConnectionTester, contextClassLoaderSource -> caller, dataSourceName -> 2sa1ulb41st2goitet5mi|64eebef2, debugUnreturnedConnectionStackTraces -> false, description -> null, driverClass -> com.mysql.jdbc.Driver, extensions -> {}, factoryClassLocation -> null, forceIgnoreUnresolvedTransactions -> false, forceSynchronousCheckins -> false, forceUseNamedDriverClass -> false, identityToken -> 2sa1ulb41st2goitet5mi|64eebef2, idleConnectionTestPeriod -> 500, initialPoolSize -> 3, jdbcUrl -> jdbc:mysql://localhost:3306/test_db, maxAdministrativeTaskTime -> 0, maxConnectionAge -> 0, maxIdleTime -> 500, maxIdleTimeExcessConnections -> 0, maxPoolSize -> 50, maxStatements -> 50, maxStatementsPerConnection -> 0, minPoolSize -> 5, numHelperThreads -> 3, preferredTestQuery -> select 1, privilegeSpawnedThreads -> false, properties -> {hibernate.format_sql=true, hibernate.c3p0.idle_test_period=100, hibernate.dialect=org.hibernate.dialect.MySQLDialect, hibernate.c3p0.min_size=5, password=******, driverClass=com.mysql.jdbc.Driver, idleConnectionTestPeriod=500, maxStatements=50, maxIdleTime=500, hibernate.c3p0.timeout=300, minPoolSize=5, hibernate.c3p0.maxStatements=50, acquireRetryDelay=1000, maxPoolSize=50, hibernate.hbm2ddl.auto=validate, hibernate.c3p0.max_size=40, hibernate.show_sql=true, acquireRetryAttempts=10, testConnectionOnCheckout=true, preferredTestQuery=select 1, jdbcUrl=jdbc:mysql://localhost:3306/test_db, user=******}, propertyCycle -> 0, statementCacheNumDeferredCloseThreads -> 0, testConnectionOnCheckin -> false, testConnectionOnCheckout -> true, unreturnedConnectionTimeout -> 0, userOverrides -> {}, usesTraditionalReflectiveProxies -> false ]
2024-07-25 16:36:18.275 WARN [restartedMain] [com.mchange.v2.log.slf4j.Slf4jMLog$Slf4jMLogger$WarnLogger.log(Slf4jMLog.java:220)] - Bad pool size config, start 3 < min 5. Using 5 as start.
2024-07-25 16:36:18.559 WARN [restartedMain] [org.hibernate.engine.jdbc.dialect.internal.DialectFactoryImpl.constructDialect(DialectFactoryImpl.java:152)] - HHH90000025: MySQLDialect does not need to be specified explicitly using 'hibernate.dialect' (remove the property setting and it will be selected by default)
2024-07-25 16:36:19.583 INFO [restartedMain] [org.hibernate.engine.transaction.jta.platform.internal.JtaPlatformInitiator.initiateService(JtaPlatformInitiator.java:55)] - HHH000489: No JTA platform available (set 'hibernate.transaction.jta.platform' to enable JTA platform integration)
2024-07-25 16:36:19.648 ERROR [restartedMain] [org.springframework.orm.jpa.AbstractEntityManagerFactoryBean.buildNativeEntityManagerFactory(AbstractEntityManagerFactoryBean.java:426)] - Failed to initialize JPA EntityManagerFactory: [PersistenceUnit: interBgvEntityManager] Unable to build Hibernate SessionFactory; nested exception is org.hibernate.tool.schema.spi.SchemaManagementException: Schema-validation: missing column [cv_document] in table [bgv_form_data]
2024-07-25 16:36:19.649 WARN [restartedMain] [org.springframework.context.support.AbstractApplicationContext.refresh(AbstractApplicationContext.java:624)] - Exception encountered during context initialization - cancelling refresh attempt: org.springframework.beans.factory.BeanCreationException: Error creating bean with name 'entityManagerFactory' defined in class path resource [com/fsuite/BgvApi/db/InterPersistenceContext.class]: [PersistenceUnit: interBgvEntityManager] Unable to build Hibernate SessionFactory; nested exception is org.hibernate.tool.schema.spi.SchemaManagementException: Schema-validation: missing column [cv_document] in table [bgv_form_data]
2024-07-25 16:36:19.655 INFO [restartedMain] [org.apache.juli.logging.DirectJDKLog.log(DirectJDKLog.java:173)] - Stopping service [Tomcat]
2024-07-25 16:36:19.675 INFO [restartedMain] [org.springframework.boot.autoconfigure.logging.ConditionEvaluationReportLogger.logMessage(ConditionEvaluationReportLogger.java:82)] - 

Error starting ApplicationContext. To display the condition evaluation report re-run your application with 'debug' enabled.
2024-07-25 16:36:19.700 ERROR [restartedMain] [org.springframework.boot.SpringApplication.reportFailure(SpringApplication.java:824)] - Application run failed
org.springframework.beans.factory.BeanCreationException: Error creating bean with name 'entityManagerFactory' defined in class path resource [com/fsuite/BgvApi/db/InterPersistenceContext.class]: [PersistenceUnit: interBgvEntityManager] Unable to build Hibernate SessionFactory; nested exception is org.hibernate.tool.schema.spi.SchemaManagementException: Schema-validation: missing column [cv_document] in table [bgv_form_data]
	at org.springframework.beans.factory.support.AbstractAutowireCapableBeanFactory.initializeBean(AbstractAutowireCapableBeanFactory.java:1770) ~[spring-beans-6.0.13.jar:6.0.13]
	at org.springframework.beans.factory.support.AbstractAutowireCapableBeanFactory.doCreateBean(AbstractAutowireCapableBeanFactory.java:598) ~[spring-beans-6.0.13.jar:6.0.13]
	at org.springframework.beans.factory.support.AbstractAutowireCapableBeanFactory.createBean(AbstractAutowireCapableBeanFactory.java:520) ~[spring-beans-6.0.13.jar:6.0.13]
	at org.springframework.beans.factory.support.AbstractBeanFactory.lambda$doGetBean$0(AbstractBeanFactory.java:325) ~[spring-beans-6.0.13.jar:6.0.13]
	at org.springframework.beans.factory.support.DefaultSingletonBeanRegistry.getSingleton(DefaultSingletonBeanRegistry.java:234) ~[spring-beans-6.0.13.jar:6.0.13]
	at org.springframework.beans.factory.support.AbstractBeanFactory.doGetBean(AbstractBeanFactory.java:323) ~[spring-beans-6.0.13.jar:6.0.13]
	at org.springframework.beans.factory.support.AbstractBeanFactory.getBean(AbstractBeanFactory.java:199) ~[spring-beans-6.0.13.jar:6.0.13]
	at org.springframework.context.support.AbstractApplicationContext.getBean(AbstractApplicationContext.java:1166) ~[spring-context-6.0.13.jar:6.0.13]
	at org.springframework.context.support.AbstractApplicationContext.finishBeanFactoryInitialization(AbstractApplicationContext.java:940) ~[spring-context-6.0.13.jar:6.0.13]
	at org.springframework.context.support.AbstractApplicationContext.refresh(AbstractApplicationContext.java:616) ~[spring-context-6.0.13.jar:6.0.13]
	at org.springframework.boot.web.servlet.context.ServletWebServerApplicationContext.refresh(ServletWebServerApplicationContext.java:146) ~[spring-boot-3.1.5.jar:3.1.5]
	at org.springframework.boot.SpringApplication.refresh(SpringApplication.java:738) [spring-boot-3.1.5.jar:3.1.5]
	at org.springframework.boot.SpringApplication.refreshContext(SpringApplication.java:440) [spring-boot-3.1.5.jar:3.1.5]
	at org.springframework.boot.SpringApplication.run(SpringApplication.java:316) [spring-boot-3.1.5.jar:3.1.5]
	at org.springframework.boot.SpringApplication.run(SpringApplication.java:1306) [spring-boot-3.1.5.jar:3.1.5]
	at org.springframework.boot.SpringApplication.run(SpringApplication.java:1295) [spring-boot-3.1.5.jar:3.1.5]
	at com.fsuite.BgvApi.starter.BgvApiApplication.main(BgvApiApplication.java:23) [classes/:?]
	at jdk.internal.reflect.NativeMethodAccessorImpl.invoke0(Native Method) ~[?:?]
	at jdk.internal.reflect.NativeMethodAccessorImpl.invoke(NativeMethodAccessorImpl.java:77) ~[?:?]
	at jdk.internal.reflect.DelegatingMethodAccessorImpl.invoke(DelegatingMethodAccessorImpl.java:43) ~[?:?]
	at java.lang.reflect.Method.invoke(Method.java:568) ~[?:?]
	at org.springframework.boot.devtools.restart.RestartLauncher.run(RestartLauncher.java:50) [spring-boot-devtools-3.1.5.jar:3.1.5]
Caused by: jakarta.persistence.PersistenceException: [PersistenceUnit: interBgvEntityManager] Unable to build Hibernate SessionFactory; nested exception is org.hibernate.tool.schema.spi.SchemaManagementException: Schema-validation: missing column [cv_document] in table [bgv_form_data]
	at org.springframework.orm.jpa.AbstractEntityManagerFactoryBean.buildNativeEntityManagerFactory(AbstractEntityManagerFactoryBean.java:421) ~[spring-orm-6.0.13.jar:6.0.13]
	at org.springframework.orm.jpa.AbstractEntityManagerFactoryBean.afterPropertiesSet(AbstractEntityManagerFactoryBean.java:396) ~[spring-orm-6.0.13.jar:6.0.13]
	at org.springframework.orm.jpa.LocalContainerEntityManagerFactoryBean.afterPropertiesSet(LocalContainerEntityManagerFactoryBean.java:352) ~[spring-orm-6.0.13.jar:6.0.13]
	at org.springframework.beans.factory.support.AbstractAutowireCapableBeanFactory.invokeInitMethods(AbstractAutowireCapableBeanFactory.java:1817) ~[spring-beans-6.0.13.jar:6.0.13]
	at org.springframework.beans.factory.support.AbstractAutowireCapableBeanFactory.initializeBean(AbstractAutowireCapableBeanFactory.java:1766) ~[spring-beans-6.0.13.jar:6.0.13]
	... 21 more
Caused by: org.hibernate.tool.schema.spi.SchemaManagementException: Schema-validation: missing column [cv_document] in table [bgv_form_data]
	at org.hibernate.tool.schema.internal.AbstractSchemaValidator.validateTable(AbstractSchemaValidator.java:145) ~[hibernate-core-6.2.13.Final.jar:6.2.13.Final]
	at org.hibernate.tool.schema.internal.GroupedSchemaValidatorImpl.validateTables(GroupedSchemaValidatorImpl.java:46) ~[hibernate-core-6.2.13.Final.jar:6.2.13.Final]
	at org.hibernate.tool.schema.internal.AbstractSchemaValidator.performValidation(AbstractSchemaValidator.java:97) ~[hibernate-core-6.2.13.Final.jar:6.2.13.Final]
	at org.hibernate.tool.schema.internal.AbstractSchemaValidator.doValidation(AbstractSchemaValidator.java:75) ~[hibernate-core-6.2.13.Final.jar:6.2.13.Final]
	at org.hibernate.tool.schema.spi.SchemaManagementToolCoordinator.performDatabaseAction(SchemaManagementToolCoordinator.java:293) ~[hibernate-core-6.2.13.Final.jar:6.2.13.Final]
	at org.hibernate.tool.schema.spi.SchemaManagementToolCoordinator.lambda$process$5(SchemaManagementToolCoordinator.java:143) ~[hibernate-core-6.2.13.Final.jar:6.2.13.Final]
	at java.util.HashMap.forEach(HashMap.java:1421) ~[?:?]
	at org.hibernate.tool.schema.spi.SchemaManagementToolCoordinator.process(SchemaManagementToolCoordinator.java:140) ~[hibernate-core-6.2.13.Final.jar:6.2.13.Final]
	at org.hibernate.boot.internal.SessionFactoryObserverForSchemaExport.sessionFactoryCreated(SessionFactoryObserverForSchemaExport.java:37) ~[hibernate-core-6.2.13.Final.jar:6.2.13.Final]
	at org.hibernate.internal.SessionFactoryObserverChain.sessionFactoryCreated(SessionFactoryObserverChain.java:35) ~[hibernate-core-6.2.13.Final.jar:6.2.13.Final]
	at org.hibernate.internal.SessionFactoryImpl.<init>(SessionFactoryImpl.java:293) ~[hibernate-core-6.2.13.Final.jar:6.2.13.Final]
	at org.hibernate.boot.internal.SessionFactoryBuilderImpl.build(SessionFactoryBuilderImpl.java:444) ~[hibernate-core-6.2.13.Final.jar:6.2.13.Final]
	at org.hibernate.jpa.boot.internal.EntityManagerFactoryBuilderImpl.build(EntityManagerFactoryBuilderImpl.java:1458) ~[hibernate-core-6.2.13.Final.jar:6.2.13.Final]
	at org.springframework.orm.jpa.vendor.SpringHibernateJpaPersistenceProvider.createContainerEntityManagerFactory(SpringHibernateJpaPersistenceProvider.java:75) ~[spring-orm-6.0.13.jar:6.0.13]
	at org.springframework.orm.jpa.LocalContainerEntityManagerFactoryBean.createNativeEntityManagerFactory(LocalContainerEntityManagerFactoryBean.java:376) ~[spring-orm-6.0.13.jar:6.0.13]
	at org.springframework.orm.jpa.AbstractEntityManagerFactoryBean.buildNativeEntityManagerFactory(AbstractEntityManagerFactoryBean.java:409) ~[spring-orm-6.0.13.jar:6.0.13]
	at org.springframework.orm.jpa.AbstractEntityManagerFactoryBean.afterPropertiesSet(AbstractEntityManagerFactoryBean.java:396) ~[spring-orm-6.0.13.jar:6.0.13]
	at org.springframework.orm.jpa.LocalContainerEntityManagerFactoryBean.afterPropertiesSet(LocalContainerEntityManagerFactoryBean.java:352) ~[spring-orm-6.0.13.jar:6.0.13]
	at org.springframework.beans.factory.support.AbstractAutowireCapableBeanFactory.invokeInitMethods(AbstractAutowireCapableBeanFactory.java:1817) ~[spring-beans-6.0.13.jar:6.0.13]
	at org.springframework.beans.factory.support.AbstractAutowireCapableBeanFactory.initializeBean(AbstractAutowireCapableBeanFactory.java:1766) ~[spring-beans-6.0.13.jar:6.0.13]
	... 21 more
